Found existing embeddings for 475,000 speeches
Embedding 356,378 new speeches...
Loading weights:   0%|          | 0/103 [00:00<?, ?it/s]Loading weights: 100%|██████████| 103/103 [00:00<00:00, 2759.50it/s]
[1mBertModel LOAD REPORT[0m from: sentence-transformers/all-MiniLM-L6-v2
Key                     | Status     |  | 
------------------------+------------+--+-
embeddings.position_ids | UNEXPECTED |  | 

Notes:
- UNEXPECTED:	can be ignored when loading from different task/architecture; not ok if you expect identical arch.
  [  0.1%] 256/356,378 speeches embedded
  [  0.1%] 512/356,378 speeches embedded
  [  0.2%] 768/356,378 speeches embedded
  [  0.3%] 1,024/356,378 speeches embedded
  [  0.4%] 1,280/356,378 speeches embedded
  [  0.4%] 1,536/356,378 speeches embedded
  [  0.5%] 1,792/356,378 speeches embedded
  [  0.6%] 2,048/356,378 speeches embedded
  [  0.6%] 2,304/356,378 speeches embedded
  [  0.7%] 2,560/356,378 speeches embedded
  [  0.8%] 2,816/356,378 speeches embedded
  [  0.9%] 3,072/356,378 speeches embedded
  [  0.9%] 3,328/356,378 speeches embedded
  [  1.0%] 3,584/356,378 speeches embedded
  [  1.1%] 3,840/356,378 speeches embedded
  [  1.1%] 4,096/356,378 speeches embedded
  [  1.2%] 4,352/356,378 speeches embedded
  [  1.3%] 4,608/356,378 speeches embedded
  [  1.4%] 4,864/356,378 speeches embedded
  [  1.4%] 5,120/356,378 speeches embedded
  [  1.5%] 5,376/356,378 speeches embedded
  [  1.6%] 5,632/356,378 speeches embedded
  [  1.7%] 5,888/356,378 speeches embedded
  [  1.7%] 6,144/356,378 speeches embedded
  [  1.8%] 6,400/356,378 speeches embedded
  [  1.9%] 6,656/356,378 speeches embedded
  [  1.9%] 6,912/356,378 speeches embedded
  [  2.0%] 7,168/356,378 speeches embedded
  [  2.1%] 7,424/356,378 speeches embedded
  [  2.2%] 7,680/356,378 speeches embedded
  [  2.2%] 7,936/356,378 speeches embedded
  [  2.3%] 8,192/356,378 speeches embedded
  [  2.4%] 8,448/356,378 speeches embedded
  [  2.4%] 8,704/356,378 speeches embedded
  [  2.5%] 8,960/356,378 speeches embedded
  [  2.6%] 9,216/356,378 speeches embedded
  [  2.7%] 9,472/356,378 speeches embedded
  [  2.7%] 9,728/356,378 speeches embedded
  [  2.8%] 9,984/356,378 speeches embedded
  [  2.9%] 10,240/356,378 speeches embedded
  [  2.9%] 10,496/356,378 speeches embedded
  [  3.0%] 10,752/356,378 speeches embedded
  [  3.1%] 11,008/356,378 speeches embedded
  [  3.2%] 11,264/356,378 speeches embedded
  [  3.2%] 11,520/356,378 speeches embedded
  [  3.3%] 11,776/356,378 speeches embedded
  [  3.4%] 12,032/356,378 speeches embedded
  [  3.4%] 12,288/356,378 speeches embedded
  [  3.5%] 12,544/356,378 speeches embedded
  [  3.6%] 12,800/356,378 speeches embedded
  [  3.7%] 13,056/356,378 speeches embedded
  [  3.7%] 13,312/356,378 speeches embedded
  [  3.8%] 13,568/356,378 speeches embedded
  [  3.9%] 13,824/356,378 speeches embedded
  [  4.0%] 14,080/356,378 speeches embedded
  [  4.0%] 14,336/356,378 speeches embedded
  [  4.1%] 14,592/356,378 speeches embedded
  [  4.2%] 14,848/356,378 speeches embedded
  [  4.2%] 15,104/356,378 speeches embedded
  [  4.3%] 15,360/356,378 speeches embedded
  [  4.4%] 15,616/356,378 speeches embedded
  [  4.5%] 15,872/356,378 speeches embedded
  [  4.5%] 16,128/356,378 speeches embedded
  [  4.6%] 16,384/356,378 speeches embedded
  [  4.7%] 16,640/356,378 speeches embedded
  [  4.7%] 16,896/356,378 speeches embedded
  [  4.8%] 17,152/356,378 speeches embedded
  [  4.9%] 17,408/356,378 speeches embedded
  [  5.0%] 17,664/356,378 speeches embedded
  [  5.0%] 17,920/356,378 speeches embedded
  [  5.1%] 18,176/356,378 speeches embedded
  [  5.2%] 18,432/356,378 speeches embedded
  [  5.2%] 18,688/356,378 speeches embedded
  [  5.3%] 18,944/356,378 speeches embedded
  [  5.4%] 19,200/356,378 speeches embedded
  [  5.5%] 19,456/356,378 speeches embedded
  [  5.5%] 19,712/356,378 speeches embedded
  [  5.6%] 19,968/356,378 speeches embedded
  [  5.7%] 20,224/356,378 speeches embedded
  [  5.7%] 20,480/356,378 speeches embedded
  [  5.8%] 20,736/356,378 speeches embedded
  [  5.9%] 20,992/356,378 speeches embedded
  [  6.0%] 21,248/356,378 speeches embedded
  [  6.0%] 21,504/356,378 speeches embedded
  [  6.1%] 21,760/356,378 speeches embedded
  [  6.2%] 22,016/356,378 speeches embedded
  [  6.2%] 22,272/356,378 speeches embedded
  [  6.3%] 22,528/356,378 speeches embedded
  [  6.4%] 22,784/356,378 speeches embedded
  [  6.5%] 23,040/356,378 speeches embedded
  [  6.5%] 23,296/356,378 speeches embedded
  [  6.6%] 23,552/356,378 speeches embedded
  [  6.7%] 23,808/356,378 speeches embedded
  [  6.8%] 24,064/356,378 speeches embedded
  [  6.8%] 24,320/356,378 speeches embedded
  [  6.9%] 24,576/356,378 speeches embedded
  [  7.0%] 24,832/356,378 speeches embedded
  [  7.0%] 25,088/356,378 speeches embedded
  [  7.1%] 25,344/356,378 speeches embedded
  [  7.2%] 25,600/356,378 speeches embedded
  [  7.3%] 25,856/356,378 speeches embedded
  [  7.3%] 26,112/356,378 speeches embedded
  [  7.4%] 26,368/356,378 speeches embedded
  [  7.5%] 26,624/356,378 speeches embedded
  [  7.5%] 26,880/356,378 speeches embedded
  [  7.6%] 27,136/356,378 speeches embedded
  [  7.7%] 27,392/356,378 speeches embedded
  [  7.8%] 27,648/356,378 speeches embedded
  [  7.8%] 27,904/356,378 speeches embedded
  [  7.9%] 28,160/356,378 speeches embedded
  [  8.0%] 28,416/356,378 speeches embedded
  [  8.0%] 28,672/356,378 speeches embedded
  [  8.1%] 28,928/356,378 speeches embedded
  [  8.2%] 29,184/356,378 speeches embedded
  [  8.3%] 29,440/356,378 speeches embedded
  [  8.3%] 29,696/356,378 speeches embedded
  [  8.4%] 29,952/356,378 speeches embedded
  [  8.5%] 30,208/356,378 speeches embedded
  [  8.5%] 30,464/356,378 speeches embedded
  [  8.6%] 30,720/356,378 speeches embedded
  [  8.7%] 30,976/356,378 speeches embedded
  [  8.8%] 31,232/356,378 speeches embedded
  [  8.8%] 31,488/356,378 speeches embedded
  [  8.9%] 31,744/356,378 speeches embedded
  [  9.0%] 32,000/356,378 speeches embedded
  [  9.1%] 32,256/356,378 speeches embedded
  [  9.1%] 32,512/356,378 speeches embedded
  [  9.2%] 32,768/356,378 speeches embedded
  [  9.3%] 33,024/356,378 speeches embedded
  [  9.3%] 33,280/356,378 speeches embedded
  [  9.4%] 33,536/356,378 speeches embedded
  [  9.5%] 33,792/356,378 speeches embedded
  [  9.6%] 34,048/356,378 speeches embedded
  [  9.6%] 34,304/356,378 speeches embedded
  [  9.7%] 34,560/356,378 speeches embedded
  [  9.8%] 34,816/356,378 speeches embedded
  [  9.8%] 35,072/356,378 speeches embedded
  [  9.9%] 35,328/356,378 speeches embedded
  [ 10.0%] 35,584/356,378 speeches embedded
  [ 10.1%] 35,840/356,378 speeches embedded
  [ 10.1%] 36,096/356,378 speeches embedded
  [ 10.2%] 36,352/356,378 speeches embedded
  [ 10.3%] 36,608/356,378 speeches embedded
  [ 10.3%] 36,864/356,378 speeches embedded
  [ 10.4%] 37,120/356,378 speeches embedded
  [ 10.5%] 37,376/356,378 speeches embedded
  [ 10.6%] 37,632/356,378 speeches embedded
  [ 10.6%] 37,888/356,378 speeches embedded
  [ 10.7%] 38,144/356,378 speeches embedded
  [ 10.8%] 38,400/356,378 speeches embedded
  [ 10.8%] 38,656/356,378 speeches embedded
  [ 10.9%] 38,912/356,378 speeches embedded
  [ 11.0%] 39,168/356,378 speeches embedded
  [ 11.1%] 39,424/356,378 speeches embedded
  [ 11.1%] 39,680/356,378 speeches embedded
  [ 11.2%] 39,936/356,378 speeches embedded
  [ 11.3%] 40,192/356,378 speeches embedded
  [ 11.3%] 40,448/356,378 speeches embedded
  [ 11.4%] 40,704/356,378 speeches embedded
  [ 11.5%] 40,960/356,378 speeches embedded
  [ 11.6%] 41,216/356,378 speeches embedded
  [ 11.6%] 41,472/356,378 speeches embedded
  [ 11.7%] 41,728/356,378 speeches embedded
  [ 11.8%] 41,984/356,378 speeches embedded
  [ 11.9%] 42,240/356,378 speeches embedded
  [ 11.9%] 42,496/356,378 speeches embedded
  [ 12.0%] 42,752/356,378 speeches embedded
  [ 12.1%] 43,008/356,378 speeches embedded
  [ 12.1%] 43,264/356,378 speeches embedded
  [ 12.2%] 43,520/356,378 speeches embedded
  [ 12.3%] 43,776/356,378 speeches embedded
  [ 12.4%] 44,032/356,378 speeches embedded
  [ 12.4%] 44,288/356,378 speeches embedded
  [ 12.5%] 44,544/356,378 speeches embedded
  [ 12.6%] 44,800/356,378 speeches embedded
  [ 12.6%] 45,056/356,378 speeches embedded
  [ 12.7%] 45,312/356,378 speeches embedded
  [ 12.8%] 45,568/356,378 speeches embedded
  [ 12.9%] 45,824/356,378 speeches embedded
  [ 12.9%] 46,080/356,378 speeches embedded
  [ 13.0%] 46,336/356,378 speeches embedded
  [ 13.1%] 46,592/356,378 speeches embedded
  [ 13.1%] 46,848/356,378 speeches embedded
  [ 13.2%] 47,104/356,378 speeches embedded
  [ 13.3%] 47,360/356,378 speeches embedded
  [ 13.4%] 47,616/356,378 speeches embedded
  [ 13.4%] 47,872/356,378 speeches embedded
  [ 13.5%] 48,128/356,378 speeches embedded
  [ 13.6%] 48,384/356,378 speeches embedded
  [ 13.6%] 48,640/356,378 speeches embedded
  [ 13.7%] 48,896/356,378 speeches embedded
  [ 13.8%] 49,152/356,378 speeches embedded
  [ 13.9%] 49,408/356,378 speeches embedded
  [ 13.9%] 49,664/356,378 speeches embedded
  [ 14.0%] 49,920/356,378 speeches embedded
  [ 14.1%] 50,176/356,378 speeches embedded
  [ 14.2%] 50,432/356,378 speeches embedded
  [ 14.2%] 50,688/356,378 speeches embedded
  [ 14.3%] 50,944/356,378 speeches embedded
  [ 14.4%] 51,200/356,378 speeches embedded
  [ 14.4%] 51,456/356,378 speeches embedded
  [ 14.5%] 51,712/356,378 speeches embedded
  [ 14.6%] 51,968/356,378 speeches embedded
  [ 14.7%] 52,224/356,378 speeches embedded
  [ 14.7%] 52,480/356,378 speeches embedded
  [ 14.8%] 52,736/356,378 speeches embedded
  [ 14.9%] 52,992/356,378 speeches embedded
  [ 14.9%] 53,248/356,378 speeches embedded
  [ 15.0%] 53,504/356,378 speeches embedded
  [ 15.1%] 53,760/356,378 speeches embedded
  [ 15.2%] 54,016/356,378 speeches embedded
  [ 15.2%] 54,272/356,378 speeches embedded
  [ 15.3%] 54,528/356,378 speeches embedded
  [ 15.4%] 54,784/356,378 speeches embedded
  [ 15.4%] 55,040/356,378 speeches embedded
  [ 15.5%] 55,296/356,378 speeches embedded
  [ 15.6%] 55,552/356,378 speeches embedded
  [ 15.7%] 55,808/356,378 speeches embedded
  [ 15.7%] 56,064/356,378 speeches embedded
  [ 15.8%] 56,320/356,378 speeches embedded
  [ 15.9%] 56,576/356,378 speeches embedded
  [ 15.9%] 56,832/356,378 speeches embedded
  [ 16.0%] 57,088/356,378 speeches embedded
  [ 16.1%] 57,344/356,378 speeches embedded
  [ 16.2%] 57,600/356,378 speeches embedded
  [ 16.2%] 57,856/356,378 speeches embedded
  [ 16.3%] 58,112/356,378 speeches embedded
  [ 16.4%] 58,368/356,378 speeches embedded
  [ 16.4%] 58,624/356,378 speeches embedded
  [ 16.5%] 58,880/356,378 speeches embedded
  [ 16.6%] 59,136/356,378 speeches embedded
  [ 16.7%] 59,392/356,378 speeches embedded
  [ 16.7%] 59,648/356,378 speeches embedded
  [ 16.8%] 59,904/356,378 speeches embedded
  [ 16.9%] 60,160/356,378 speeches embedded
  [ 17.0%] 60,416/356,378 speeches embedded
  [ 17.0%] 60,672/356,378 speeches embedded
  [ 17.1%] 60,928/356,378 speeches embedded
  [ 17.2%] 61,184/356,378 speeches embedded
  [ 17.2%] 61,440/356,378 speeches embedded
  [ 17.3%] 61,696/356,378 speeches embedded
  [ 17.4%] 61,952/356,378 speeches embedded
  [ 17.5%] 62,208/356,378 speeches embedded
  [ 17.5%] 62,464/356,378 speeches embedded
  [ 17.6%] 62,720/356,378 speeches embedded
  [ 17.7%] 62,976/356,378 speeches embedded
  [ 17.7%] 63,232/356,378 speeches embedded
  [ 17.8%] 63,488/356,378 speeches embedded
  [ 17.9%] 63,744/356,378 speeches embedded
  [ 18.0%] 64,000/356,378 speeches embedded
  [ 18.0%] 64,256/356,378 speeches embedded
  [ 18.1%] 64,512/356,378 speeches embedded
  [ 18.2%] 64,768/356,378 speeches embedded
  [ 18.2%] 65,024/356,378 speeches embedded
  [ 18.3%] 65,280/356,378 speeches embedded
  [ 18.4%] 65,536/356,378 speeches embedded
  [ 18.5%] 65,792/356,378 speeches embedded
  [ 18.5%] 66,048/356,378 speeches embedded
  [ 18.6%] 66,304/356,378 speeches embedded
  [ 18.7%] 66,560/356,378 speeches embedded
  [ 18.7%] 66,816/356,378 speeches embedded
  [ 18.8%] 67,072/356,378 speeches embedded
  [ 18.9%] 67,328/356,378 speeches embedded
  [ 19.0%] 67,584/356,378 speeches embedded
  [ 19.0%] 67,840/356,378 speeches embedded
  [ 19.1%] 68,096/356,378 speeches embedded
  [ 19.2%] 68,352/356,378 speeches embedded
  [ 19.3%] 68,608/356,378 speeches embedded
  [ 19.3%] 68,864/356,378 speeches embedded
  [ 19.4%] 69,120/356,378 speeches embedded
  [ 19.5%] 69,376/356,378 speeches embedded
  [ 19.5%] 69,632/356,378 speeches embedded
  [ 19.6%] 69,888/356,378 speeches embedded
  [ 19.7%] 70,144/356,378 speeches embedded
  [ 19.8%] 70,400/356,378 speeches embedded
  [ 19.8%] 70,656/356,378 speeches embedded
  [ 19.9%] 70,912/356,378 speeches embedded
  [ 20.0%] 71,168/356,378 speeches embedded
  [ 20.0%] 71,424/356,378 speeches embedded
  [ 20.1%] 71,680/356,378 speeches embedded
  [ 20.2%] 71,936/356,378 speeches embedded
  [ 20.3%] 72,192/356,378 speeches embedded
  [ 20.3%] 72,448/356,378 speeches embedded
  [ 20.4%] 72,704/356,378 speeches embedded
  [ 20.5%] 72,960/356,378 speeches embedded
  [ 20.5%] 73,216/356,378 speeches embedded
  [ 20.6%] 73,472/356,378 speeches embedded
  [ 20.7%] 73,728/356,378 speeches embedded
  [ 20.8%] 73,984/356,378 speeches embedded
  [ 20.8%] 74,240/356,378 speeches embedded
  [ 20.9%] 74,496/356,378 speeches embedded
  [ 21.0%] 74,752/356,378 speeches embedded
  [ 21.0%] 75,008/356,378 speeches embedded
  [ 21.1%] 75,264/356,378 speeches embedded
  [ 21.2%] 75,520/356,378 speeches embedded
  [ 21.3%] 75,776/356,378 speeches embedded
  [ 21.3%] 76,032/356,378 speeches embedded
  [ 21.4%] 76,288/356,378 speeches embedded
  [ 21.5%] 76,544/356,378 speeches embedded
  [ 21.6%] 76,800/356,378 speeches embedded
  [ 21.6%] 77,056/356,378 speeches embedded
  [ 21.7%] 77,312/356,378 speeches embedded
  [ 21.8%] 77,568/356,378 speeches embedded
  [ 21.8%] 77,824/356,378 speeches embedded
  [ 21.9%] 78,080/356,378 speeches embedded
  [ 22.0%] 78,336/356,378 speeches embedded
  [ 22.1%] 78,592/356,378 speeches embedded
  [ 22.1%] 78,848/356,378 speeches embedded
  [ 22.2%] 79,104/356,378 speeches embedded
  [ 22.3%] 79,360/356,378 speeches embedded
  [ 22.3%] 79,616/356,378 speeches embedded
  [ 22.4%] 79,872/356,378 speeches embedded
  [ 22.5%] 80,128/356,378 speeches embedded
  [ 22.6%] 80,384/356,378 speeches embedded
  [ 22.6%] 80,640/356,378 speeches embedded
  [ 22.7%] 80,896/356,378 speeches embedded
  [ 22.8%] 81,152/356,378 speeches embedded
  [ 22.8%] 81,408/356,378 speeches embedded
  [ 22.9%] 81,664/356,378 speeches embedded
  [ 23.0%] 81,920/356,378 speeches embedded
  [ 23.1%] 82,176/356,378 speeches embedded
  [ 23.1%] 82,432/356,378 speeches embedded
  [ 23.2%] 82,688/356,378 speeches embedded
  [ 23.3%] 82,944/356,378 speeches embedded
  [ 23.3%] 83,200/356,378 speeches embedded
  [ 23.4%] 83,456/356,378 speeches embedded
  [ 23.5%] 83,712/356,378 speeches embedded
  [ 23.6%] 83,968/356,378 speeches embedded
  [ 23.6%] 84,224/356,378 speeches embedded
  [ 23.7%] 84,480/356,378 speeches embedded
  [ 23.8%] 84,736/356,378 speeches embedded
  [ 23.8%] 84,992/356,378 speeches embedded
  [ 23.9%] 85,248/356,378 speeches embedded
  [ 24.0%] 85,504/356,378 speeches embedded
  [ 24.1%] 85,760/356,378 speeches embedded
  [ 24.1%] 86,016/356,378 speeches embedded
  [ 24.2%] 86,272/356,378 speeches embedded
  [ 24.3%] 86,528/356,378 speeches embedded
  [ 24.4%] 86,784/356,378 speeches embedded
  [ 24.4%] 87,040/356,378 speeches embedded
  [ 24.5%] 87,296/356,378 speeches embedded
  [ 24.6%] 87,552/356,378 speeches embedded
  [ 24.6%] 87,808/356,378 speeches embedded
  [ 24.7%] 88,064/356,378 speeches embedded
  [ 24.8%] 88,320/356,378 speeches embedded
  [ 24.9%] 88,576/356,378 speeches embedded
  [ 24.9%] 88,832/356,378 speeches embedded
  [ 25.0%] 89,088/356,378 speeches embedded
  [ 25.1%] 89,344/356,378 speeches embedded
  [ 25.1%] 89,600/356,378 speeches embedded
  [ 25.2%] 89,856/356,378 speeches embedded
  [ 25.3%] 90,112/356,378 speeches embedded
  [ 25.4%] 90,368/356,378 speeches embedded
  [ 25.4%] 90,624/356,378 speeches embedded
  [ 25.5%] 90,880/356,378 speeches embedded
  [ 25.6%] 91,136/356,378 speeches embedded
  [ 25.6%] 91,392/356,378 speeches embedded
  [ 25.7%] 91,648/356,378 speeches embedded
  [ 25.8%] 91,904/356,378 speeches embedded
  [ 25.9%] 92,160/356,378 speeches embedded
  [ 25.9%] 92,416/356,378 speeches embedded
  [ 26.0%] 92,672/356,378 speeches embedded
  [ 26.1%] 92,928/356,378 speeches embedded
  [ 26.1%] 93,184/356,378 speeches embedded
  [ 26.2%] 93,440/356,378 speeches embedded
  [ 26.3%] 93,696/356,378 speeches embedded
  [ 26.4%] 93,952/356,378 speeches embedded
  [ 26.4%] 94,208/356,378 speeches embedded
  [ 26.5%] 94,464/356,378 speeches embedded
  [ 26.6%] 94,720/356,378 speeches embedded
  [ 26.7%] 94,976/356,378 speeches embedded
  [ 26.7%] 95,232/356,378 speeches embedded
  [ 26.8%] 95,488/356,378 speeches embedded
  [ 26.9%] 95,744/356,378 speeches embedded
  [ 26.9%] 96,000/356,378 speeches embedded
  [ 27.0%] 96,256/356,378 speeches embedded
  [ 27.1%] 96,512/356,378 speeches embedded
  [ 27.2%] 96,768/356,378 speeches embedded
  [ 27.2%] 97,024/356,378 speeches embedded
  [ 27.3%] 97,280/356,378 speeches embedded
  [ 27.4%] 97,536/356,378 speeches embedded
  [ 27.4%] 97,792/356,378 speeches embedded
  [ 27.5%] 98,048/356,378 speeches embedded
  [ 27.6%] 98,304/356,378 speeches embedded
  [ 27.7%] 98,560/356,378 speeches embedded
  [ 27.7%] 98,816/356,378 speeches embedded
  [ 27.8%] 99,072/356,378 speeches embedded
  [ 27.9%] 99,328/356,378 speeches embedded
  [ 27.9%] 99,584/356,378 speeches embedded
  [ 28.0%] 99,840/356,378 speeches embedded
  [ 28.1%] 100,096/356,378 speeches embedded
  [ 28.2%] 100,352/356,378 speeches embedded
  [ 28.2%] 100,608/356,378 speeches embedded
  [ 28.3%] 100,864/356,378 speeches embedded
  [ 28.4%] 101,120/356,378 speeches embedded
  [ 28.4%] 101,376/356,378 speeches embedded
  [ 28.5%] 101,632/356,378 speeches embedded
  [ 28.6%] 101,888/356,378 speeches embedded
  [ 28.7%] 102,144/356,378 speeches embedded
  [ 28.7%] 102,400/356,378 speeches embedded
  [ 28.8%] 102,656/356,378 speeches embedded
  [ 28.9%] 102,912/356,378 speeches embedded
  [ 28.9%] 103,168/356,378 speeches embedded
  [ 29.0%] 103,424/356,378 speeches embedded
  [ 29.1%] 103,680/356,378 speeches embedded
  [ 29.2%] 103,936/356,378 speeches embedded
  [ 29.2%] 104,192/356,378 speeches embedded
  [ 29.3%] 104,448/356,378 speeches embedded
  [ 29.4%] 104,704/356,378 speeches embedded
  [ 29.5%] 104,960/356,378 speeches embedded
  [ 29.5%] 105,216/356,378 speeches embedded
  [ 29.6%] 105,472/356,378 speeches embedded
  [ 29.7%] 105,728/356,378 speeches embedded
  [ 29.7%] 105,984/356,378 speeches embedded
  [ 29.8%] 106,240/356,378 speeches embedded
  [ 29.9%] 106,496/356,378 speeches embedded
  [ 30.0%] 106,752/356,378 speeches embedded
  [ 30.0%] 107,008/356,378 speeches embedded
  [ 30.1%] 107,264/356,378 speeches embedded
  [ 30.2%] 107,520/356,378 speeches embedded
  [ 30.2%] 107,776/356,378 speeches embedded
  [ 30.3%] 108,032/356,378 speeches embedded
  [ 30.4%] 108,288/356,378 speeches embedded
  [ 30.5%] 108,544/356,378 speeches embedded
  [ 30.5%] 108,800/356,378 speeches embedded
  [ 30.6%] 109,056/356,378 speeches embedded
  [ 30.7%] 109,312/356,378 speeches embedded
  [ 30.7%] 109,568/356,378 speeches embedded
  [ 30.8%] 109,824/356,378 speeches embedded
  [ 30.9%] 110,080/356,378 speeches embedded
  [ 31.0%] 110,336/356,378 speeches embedded
  [ 31.0%] 110,592/356,378 speeches embedded
  [ 31.1%] 110,848/356,378 speeches embedded
  [ 31.2%] 111,104/356,378 speeches embedded
  [ 31.2%] 111,360/356,378 speeches embedded
  [ 31.3%] 111,616/356,378 speeches embedded
  [ 31.4%] 111,872/356,378 speeches embedded
  [ 31.5%] 112,128/356,378 speeches embedded
  [ 31.5%] 112,384/356,378 speeches embedded
  [ 31.6%] 112,640/356,378 speeches embedded
  [ 31.7%] 112,896/356,378 speeches embedded
  [ 31.8%] 113,152/356,378 speeches embedded
  [ 31.8%] 113,408/356,378 speeches embedded
  [ 31.9%] 113,664/356,378 speeches embedded
  [ 32.0%] 113,920/356,378 speeches embedded
  [ 32.0%] 114,176/356,378 speeches embedded
  [ 32.1%] 114,432/356,378 speeches embedded
  [ 32.2%] 114,688/356,378 speeches embedded
  [ 32.3%] 114,944/356,378 speeches embedded
  [ 32.3%] 115,200/356,378 speeches embedded
  [ 32.4%] 115,456/356,378 speeches embedded
  [ 32.5%] 115,712/356,378 speeches embedded
  [ 32.5%] 115,968/356,378 speeches embedded
  [ 32.6%] 116,224/356,378 speeches embedded
  [ 32.7%] 116,480/356,378 speeches embedded
  [ 32.8%] 116,736/356,378 speeches embedded
  [ 32.8%] 116,992/356,378 speeches embedded
  [ 32.9%] 117,248/356,378 speeches embedded
  [ 33.0%] 117,504/356,378 speeches embedded
  [ 33.0%] 117,760/356,378 speeches embedded
  [ 33.1%] 118,016/356,378 speeches embedded
  [ 33.2%] 118,272/356,378 speeches embedded
  [ 33.3%] 118,528/356,378 speeches embedded
  [ 33.3%] 118,784/356,378 speeches embedded
  [ 33.4%] 119,040/356,378 speeches embedded
  [ 33.5%] 119,296/356,378 speeches embedded
  [ 33.5%] 119,552/356,378 speeches embedded
  [ 33.6%] 119,808/356,378 speeches embedded
  [ 33.7%] 120,064/356,378 speeches embedded
  [ 33.8%] 120,320/356,378 speeches embedded
  [ 33.8%] 120,576/356,378 speeches embedded
  [ 33.9%] 120,832/356,378 speeches embedded
  [ 34.0%] 121,088/356,378 speeches embedded
  [ 34.0%] 121,344/356,378 speeches embedded
  [ 34.1%] 121,600/356,378 speeches embedded
  [ 34.2%] 121,856/356,378 speeches embedded
  [ 34.3%] 122,112/356,378 speeches embedded
  [ 34.3%] 122,368/356,378 speeches embedded
  [ 34.4%] 122,624/356,378 speeches embedded
  [ 34.5%] 122,880/356,378 speeches embedded
  [ 34.6%] 123,136/356,378 speeches embedded
  [ 34.6%] 123,392/356,378 speeches embedded
  [ 34.7%] 123,648/356,378 speeches embedded
  [ 34.8%] 123,904/356,378 speeches embedded
  [ 34.8%] 124,160/356,378 speeches embedded
  [ 34.9%] 124,416/356,378 speeches embedded
  [ 35.0%] 124,672/356,378 speeches embedded
  [ 35.1%] 124,928/356,378 speeches embedded
  [ 35.1%] 125,184/356,378 speeches embedded
  [ 35.2%] 125,440/356,378 speeches embedded
  [ 35.3%] 125,696/356,378 speeches embedded
  [ 35.3%] 125,952/356,378 speeches embedded
  [ 35.4%] 126,208/356,378 speeches embedded
  [ 35.5%] 126,464/356,378 speeches embedded
  [ 35.6%] 126,720/356,378 speeches embedded
  [ 35.6%] 126,976/356,378 speeches embedded
  [ 35.7%] 127,232/356,378 speeches embedded
  [ 35.8%] 127,488/356,378 speeches embedded
  [ 35.8%] 127,744/356,378 speeches embedded
  [ 35.9%] 128,000/356,378 speeches embedded
  [ 36.0%] 128,256/356,378 speeches embedded
  [ 36.1%] 128,512/356,378 speeches embedded
  [ 36.1%] 128,768/356,378 speeches embedded
  [ 36.2%] 129,024/356,378 speeches embedded
  [ 36.3%] 129,280/356,378 speeches embedded
  [ 36.3%] 129,536/356,378 speeches embedded
  [ 36.4%] 129,792/356,378 speeches embedded
  [ 36.5%] 130,048/356,378 speeches embedded
  [ 36.6%] 130,304/356,378 speeches embedded
  [ 36.6%] 130,560/356,378 speeches embedded
  [ 36.7%] 130,816/356,378 speeches embedded
  [ 36.8%] 131,072/356,378 speeches embedded
  [ 36.9%] 131,328/356,378 speeches embedded
  [ 36.9%] 131,584/356,378 speeches embedded
  [ 37.0%] 131,840/356,378 speeches embedded
  [ 37.1%] 132,096/356,378 speeches embedded
  [ 37.1%] 132,352/356,378 speeches embedded
  [ 37.2%] 132,608/356,378 speeches embedded
  [ 37.3%] 132,864/356,378 speeches embedded
  [ 37.4%] 133,120/356,378 speeches embedded
  [ 37.4%] 133,376/356,378 speeches embedded
  [ 37.5%] 133,632/356,378 speeches embedded
  [ 37.6%] 133,888/356,378 speeches embedded
  [ 37.6%] 134,144/356,378 speeches embedded
  [ 37.7%] 134,400/356,378 speeches embedded
  [ 37.8%] 134,656/356,378 speeches embedded
  [ 37.9%] 134,912/356,378 speeches embedded
  [ 37.9%] 135,168/356,378 speeches embedded
  [ 38.0%] 135,424/356,378 speeches embedded
  [ 38.1%] 135,680/356,378 speeches embedded
  [ 38.1%] 135,936/356,378 speeches embedded
  [ 38.2%] 136,192/356,378 speeches embedded
  [ 38.3%] 136,448/356,378 speeches embedded
  [ 38.4%] 136,704/356,378 speeches embedded
  [ 38.4%] 136,960/356,378 speeches embedded
  [ 38.5%] 137,216/356,378 speeches embedded
  [ 38.6%] 137,472/356,378 speeches embedded
  [ 38.6%] 137,728/356,378 speeches embedded
  [ 38.7%] 137,984/356,378 speeches embedded
  [ 38.8%] 138,240/356,378 speeches embedded
  [ 38.9%] 138,496/356,378 speeches embedded
  [ 38.9%] 138,752/356,378 speeches embedded
  [ 39.0%] 139,008/356,378 speeches embedded
  [ 39.1%] 139,264/356,378 speeches embedded
  [ 39.1%] 139,520/356,378 speeches embedded
  [ 39.2%] 139,776/356,378 speeches embedded
  [ 39.3%] 140,032/356,378 speeches embedded
  [ 39.4%] 140,288/356,378 speeches embedded
  [ 39.4%] 140,544/356,378 speeches embedded
  [ 39.5%] 140,800/356,378 speeches embedded
  [ 39.6%] 141,056/356,378 speeches embedded
  [ 39.7%] 141,312/356,378 speeches embedded
  [ 39.7%] 141,568/356,378 speeches embedded
  [ 39.8%] 141,824/356,378 speeches embedded
  [ 39.9%] 142,080/356,378 speeches embedded
  [ 39.9%] 142,336/356,378 speeches embedded
  [ 40.0%] 142,592/356,378 speeches embedded
  [ 40.1%] 142,848/356,378 speeches embedded
  [ 40.2%] 143,104/356,378 speeches embedded
  [ 40.2%] 143,360/356,378 speeches embedded
  [ 40.3%] 143,616/356,378 speeches embedded
  [ 40.4%] 143,872/356,378 speeches embedded
  [ 40.4%] 144,128/356,378 speeches embedded
  [ 40.5%] 144,384/356,378 speeches embedded
  [ 40.6%] 144,640/356,378 speeches embedded
  [ 40.7%] 144,896/356,378 speeches embedded
  [ 40.7%] 145,152/356,378 speeches embedded
  [ 40.8%] 145,408/356,378 speeches embedded
  [ 40.9%] 145,664/356,378 speeches embedded
  [ 40.9%] 145,920/356,378 speeches embedded
  [ 41.0%] 146,176/356,378 speeches embedded
  [ 41.1%] 146,432/356,378 speeches embedded
  [ 41.2%] 146,688/356,378 speeches embedded
  [ 41.2%] 146,944/356,378 speeches embedded
  [ 41.3%] 147,200/356,378 speeches embedded
  [ 41.4%] 147,456/356,378 speeches embedded
  [ 41.4%] 147,712/356,378 speeches embedded
  [ 41.5%] 147,968/356,378 speeches embedded
  [ 41.6%] 148,224/356,378 speeches embedded
  [ 41.7%] 148,480/356,378 speeches embedded
  [ 41.7%] 148,736/356,378 speeches embedded
  [ 41.8%] 148,992/356,378 speeches embedded
  [ 41.9%] 149,248/356,378 speeches embedded
  [ 42.0%] 149,504/356,378 speeches embedded
  [ 42.0%] 149,760/356,378 speeches embedded
  [ 42.1%] 150,016/356,378 speeches embedded
  [ 42.2%] 150,272/356,378 speeches embedded
  [ 42.2%] 150,528/356,378 speeches embedded
  [ 42.3%] 150,784/356,378 speeches embedded
  [ 42.4%] 151,040/356,378 speeches embedded
  [ 42.5%] 151,296/356,378 speeches embedded
  [ 42.5%] 151,552/356,378 speeches embedded
  [ 42.6%] 151,808/356,378 speeches embedded
  [ 42.7%] 152,064/356,378 speeches embedded
  [ 42.7%] 152,320/356,378 speeches embedded
  [ 42.8%] 152,576/356,378 speeches embedded
  [ 42.9%] 152,832/356,378 speeches embedded
  [ 43.0%] 153,088/356,378 speeches embedded
  [ 43.0%] 153,344/356,378 speeches embedded
  [ 43.1%] 153,600/356,378 speeches embedded
  [ 43.2%] 153,856/356,378 speeches embedded
  [ 43.2%] 154,112/356,378 speeches embedded
  [ 43.3%] 154,368/356,378 speeches embedded
  [ 43.4%] 154,624/356,378 speeches embedded
  [ 43.5%] 154,880/356,378 speeches embedded
  [ 43.5%] 155,136/356,378 speeches embedded
  [ 43.6%] 155,392/356,378 speeches embedded
  [ 43.7%] 155,648/356,378 speeches embedded
  [ 43.7%] 155,904/356,378 speeches embedded
  [ 43.8%] 156,160/356,378 speeches embedded
  [ 43.9%] 156,416/356,378 speeches embedded
  [ 44.0%] 156,672/356,378 speeches embedded
  [ 44.0%] 156,928/356,378 speeches embedded
  [ 44.1%] 157,184/356,378 speeches embedded
  [ 44.2%] 157,440/356,378 speeches embedded
  [ 44.2%] 157,696/356,378 speeches embedded
  [ 44.3%] 157,952/356,378 speeches embedded
  [ 44.4%] 158,208/356,378 speeches embedded
  [ 44.5%] 158,464/356,378 speeches embedded
  [ 44.5%] 158,720/356,378 speeches embedded
  [ 44.6%] 158,976/356,378 speeches embedded
  [ 44.7%] 159,232/356,378 speeches embedded
  [ 44.8%] 159,488/356,378 speeches embedded
  [ 44.8%] 159,744/356,378 speeches embedded
  [ 44.9%] 160,000/356,378 speeches embedded
  [ 45.0%] 160,256/356,378 speeches embedded
  [ 45.0%] 160,512/356,378 speeches embedded
  [ 45.1%] 160,768/356,378 speeches embedded
  [ 45.2%] 161,024/356,378 speeches embedded
  [ 45.3%] 161,280/356,378 speeches embedded
  [ 45.3%] 161,536/356,378 speeches embedded
  [ 45.4%] 161,792/356,378 speeches embedded
  [ 45.5%] 162,048/356,378 speeches embedded
  [ 45.5%] 162,304/356,378 speeches embedded
  [ 45.6%] 162,560/356,378 speeches embedded
  [ 45.7%] 162,816/356,378 speeches embedded
  [ 45.8%] 163,072/356,378 speeches embedded
  [ 45.8%] 163,328/356,378 speeches embedded
  [ 45.9%] 163,584/356,378 speeches embedded
  [ 46.0%] 163,840/356,378 speeches embedded
  [ 46.0%] 164,096/356,378 speeches embedded
  [ 46.1%] 164,352/356,378 speeches embedded
  [ 46.2%] 164,608/356,378 speeches embedded
  [ 46.3%] 164,864/356,378 speeches embedded
  [ 46.3%] 165,120/356,378 speeches embedded
  [ 46.4%] 165,376/356,378 speeches embedded
  [ 46.5%] 165,632/356,378 speeches embedded
  [ 46.5%] 165,888/356,378 speeches embedded
  [ 46.6%] 166,144/356,378 speeches embedded
  [ 46.7%] 166,400/356,378 speeches embedded
  [ 46.8%] 166,656/356,378 speeches embedded
  [ 46.8%] 166,912/356,378 speeches embedded
  [ 46.9%] 167,168/356,378 speeches embedded
  [ 47.0%] 167,424/356,378 speeches embedded
  [ 47.1%] 167,680/356,378 speeches embedded
  [ 47.1%] 167,936/356,378 speeches embedded
  [ 47.2%] 168,192/356,378 speeches embedded
  [ 47.3%] 168,448/356,378 speeches embedded
  [ 47.3%] 168,704/356,378 speeches embedded
  [ 47.4%] 168,960/356,378 speeches embedded
  [ 47.5%] 169,216/356,378 speeches embedded
  [ 47.6%] 169,472/356,378 speeches embedded
  [ 47.6%] 169,728/356,378 speeches embedded
  [ 47.7%] 169,984/356,378 speeches embedded
  [ 47.8%] 170,240/356,378 speeches embedded
  [ 47.8%] 170,496/356,378 speeches embedded
  [ 47.9%] 170,752/356,378 speeches embedded
  [ 48.0%] 171,008/356,378 speeches embedded
  [ 48.1%] 171,264/356,378 speeches embedded
  [ 48.1%] 171,520/356,378 speeches embedded
  [ 48.2%] 171,776/356,378 speeches embedded
  [ 48.3%] 172,032/356,378 speeches embedded
  [ 48.3%] 172,288/356,378 speeches embedded
  [ 48.4%] 172,544/356,378 speeches embedded
  [ 48.5%] 172,800/356,378 speeches embedded
  [ 48.6%] 173,056/356,378 speeches embedded
  [ 48.6%] 173,312/356,378 speeches embedded
  [ 48.7%] 173,568/356,378 speeches embedded
  [ 48.8%] 173,824/356,378 speeches embedded
  [ 48.8%] 174,080/356,378 speeches embedded
  [ 48.9%] 174,336/356,378 speeches embedded
  [ 49.0%] 174,592/356,378 speeches embedded
  [ 49.1%] 174,848/356,378 speeches embedded
  [ 49.1%] 175,104/356,378 speeches embedded
  [ 49.2%] 175,360/356,378 speeches embedded
  [ 49.3%] 175,616/356,378 speeches embedded
  [ 49.3%] 175,872/356,378 speeches embedded
  [ 49.4%] 176,128/356,378 speeches embedded
  [ 49.5%] 176,384/356,378 speeches embedded
  [ 49.6%] 176,640/356,378 speeches embedded
  [ 49.6%] 176,896/356,378 speeches embedded
  [ 49.7%] 177,152/356,378 speeches embedded
  [ 49.8%] 177,408/356,378 speeches embedded
  [ 49.9%] 177,664/356,378 speeches embedded
  [ 49.9%] 177,920/356,378 speeches embedded
  [ 50.0%] 178,176/356,378 speeches embedded
  [ 50.1%] 178,432/356,378 speeches embedded
  [ 50.1%] 178,688/356,378 speeches embedded
  [ 50.2%] 178,944/356,378 speeches embedded
  [ 50.3%] 179,200/356,378 speeches embedded
  [ 50.4%] 179,456/356,378 speeches embedded
  [ 50.4%] 179,712/356,378 speeches embedded
  [ 50.5%] 179,968/356,378 speeches embedded
  [ 50.6%] 180,224/356,378 speeches embedded
  [ 50.6%] 180,480/356,378 speeches embedded
  [ 50.7%] 180,736/356,378 speeches embedded
  [ 50.8%] 180,992/356,378 speeches embedded
  [ 50.9%] 181,248/356,378 speeches embedded
  [ 50.9%] 181,504/356,378 speeches embedded
  [ 51.0%] 181,760/356,378 speeches embedded
  [ 51.1%] 182,016/356,378 speeches embedded
  [ 51.1%] 182,272/356,378 speeches embedded
  [ 51.2%] 182,528/356,378 speeches embedded
  [ 51.3%] 182,784/356,378 speeches embedded
  [ 51.4%] 183,040/356,378 speeches embedded
  [ 51.4%] 183,296/356,378 speeches embedded
  [ 51.5%] 183,552/356,378 speeches embedded
  [ 51.6%] 183,808/356,378 speeches embedded
  [ 51.6%] 184,064/356,378 speeches embedded
  [ 51.7%] 184,320/356,378 speeches embedded
  [ 51.8%] 184,576/356,378 speeches embedded
  [ 51.9%] 184,832/356,378 speeches embedded
  [ 51.9%] 185,088/356,378 speeches embedded
  [ 52.0%] 185,344/356,378 speeches embedded
  [ 52.1%] 185,600/356,378 speeches embedded
  [ 52.2%] 185,856/356,378 speeches embedded
  [ 52.2%] 186,112/356,378 speeches embedded
  [ 52.3%] 186,368/356,378 speeches embedded
  [ 52.4%] 186,624/356,378 speeches embedded
  [ 52.4%] 186,880/356,378 speeches embedded
  [ 52.5%] 187,136/356,378 speeches embedded
  [ 52.6%] 187,392/356,378 speeches embedded
  [ 52.7%] 187,648/356,378 speeches embedded
  [ 52.7%] 187,904/356,378 speeches embedded
  [ 52.8%] 188,160/356,378 speeches embedded
  [ 52.9%] 188,416/356,378 speeches embedded
  [ 52.9%] 188,672/356,378 speeches embedded
  [ 53.0%] 188,928/356,378 speeches embedded
  [ 53.1%] 189,184/356,378 speeches embedded
  [ 53.2%] 189,440/356,378 speeches embedded
  [ 53.2%] 189,696/356,378 speeches embedded
  [ 53.3%] 189,952/356,378 speeches embedded
  [ 53.4%] 190,208/356,378 speeches embedded
  [ 53.4%] 190,464/356,378 speeches embedded
  [ 53.5%] 190,720/356,378 speeches embedded
  [ 53.6%] 190,976/356,378 speeches embedded
  [ 53.7%] 191,232/356,378 speeches embedded
  [ 53.7%] 191,488/356,378 speeches embedded
  [ 53.8%] 191,744/356,378 speeches embedded
  [ 53.9%] 192,000/356,378 speeches embedded
  [ 53.9%] 192,256/356,378 speeches embedded
  [ 54.0%] 192,512/356,378 speeches embedded
  [ 54.1%] 192,768/356,378 speeches embedded
  [ 54.2%] 193,024/356,378 speeches embedded
  [ 54.2%] 193,280/356,378 speeches embedded
  [ 54.3%] 193,536/356,378 speeches embedded
  [ 54.4%] 193,792/356,378 speeches embedded
  [ 54.5%] 194,048/356,378 speeches embedded
  [ 54.5%] 194,304/356,378 speeches embedded
  [ 54.6%] 194,560/356,378 speeches embedded
  [ 54.7%] 194,816/356,378 speeches embedded
  [ 54.7%] 195,072/356,378 speeches embedded
  [ 54.8%] 195,328/356,378 speeches embedded
  [ 54.9%] 195,584/356,378 speeches embedded
  [ 55.0%] 195,840/356,378 speeches embedded
  [ 55.0%] 196,096/356,378 speeches embedded
  [ 55.1%] 196,352/356,378 speeches embedded
  [ 55.2%] 196,608/356,378 speeches embedded
  [ 55.2%] 196,864/356,378 speeches embedded
  [ 55.3%] 197,120/356,378 speeches embedded
  [ 55.4%] 197,376/356,378 speeches embedded
  [ 55.5%] 197,632/356,378 speeches embedded
  [ 55.5%] 197,888/356,378 speeches embedded
  [ 55.6%] 198,144/356,378 speeches embedded
  [ 55.7%] 198,400/356,378 speeches embedded
  [ 55.7%] 198,656/356,378 speeches embedded
  [ 55.8%] 198,912/356,378 speeches embedded
  [ 55.9%] 199,168/356,378 speeches embedded
  [ 56.0%] 199,424/356,378 speeches embedded
  [ 56.0%] 199,680/356,378 speeches embedded
  [ 56.1%] 199,936/356,378 speeches embedded
  [ 56.2%] 200,192/356,378 speeches embedded
  [ 56.2%] 200,448/356,378 speeches embedded
  [ 56.3%] 200,704/356,378 speeches embedded
  [ 56.4%] 200,960/356,378 speeches embedded
  [ 56.5%] 201,216/356,378 speeches embedded
  [ 56.5%] 201,472/356,378 speeches embedded
  [ 56.6%] 201,728/356,378 speeches embedded
  [ 56.7%] 201,984/356,378 speeches embedded
  [ 56.7%] 202,240/356,378 speeches embedded
  [ 56.8%] 202,496/356,378 speeches embedded
  [ 56.9%] 202,752/356,378 speeches embedded
  [ 57.0%] 203,008/356,378 speeches embedded
  [ 57.0%] 203,264/356,378 speeches embedded
  [ 57.1%] 203,520/356,378 speeches embedded
  [ 57.2%] 203,776/356,378 speeches embedded
  [ 57.3%] 204,032/356,378 speeches embedded
  [ 57.3%] 204,288/356,378 speeches embedded
  [ 57.4%] 204,544/356,378 speeches embedded
  [ 57.5%] 204,800/356,378 speeches embedded
  [ 57.5%] 205,056/356,378 speeches embedded
  [ 57.6%] 205,312/356,378 speeches embedded
  [ 57.7%] 205,568/356,378 speeches embedded
  [ 57.8%] 205,824/356,378 speeches embedded
  [ 57.8%] 206,080/356,378 speeches embedded
  [ 57.9%] 206,336/356,378 speeches embedded
  [ 58.0%] 206,592/356,378 speeches embedded
  [ 58.0%] 206,848/356,378 speeches embedded
  [ 58.1%] 207,104/356,378 speeches embedded
  [ 58.2%] 207,360/356,378 speeches embedded
  [ 58.3%] 207,616/356,378 speeches embedded
  [ 58.3%] 207,872/356,378 speeches embedded
  [ 58.4%] 208,128/356,378 speeches embedded
  [ 58.5%] 208,384/356,378 speeches embedded
  [ 58.5%] 208,640/356,378 speeches embedded
  [ 58.6%] 208,896/356,378 speeches embedded
  [ 58.7%] 209,152/356,378 speeches embedded
  [ 58.8%] 209,408/356,378 speeches embedded
  [ 58.8%] 209,664/356,378 speeches embedded
  [ 58.9%] 209,920/356,378 speeches embedded
  [ 59.0%] 210,176/356,378 speeches embedded
  [ 59.0%] 210,432/356,378 speeches embedded
  [ 59.1%] 210,688/356,378 speeches embedded
  [ 59.2%] 210,944/356,378 speeches embedded
  [ 59.3%] 211,200/356,378 speeches embedded
  [ 59.3%] 211,456/356,378 speeches embedded
  [ 59.4%] 211,712/356,378 speeches embedded
  [ 59.5%] 211,968/356,378 speeches embedded
  [ 59.6%] 212,224/356,378 speeches embedded
  [ 59.6%] 212,480/356,378 speeches embedded
  [ 59.7%] 212,736/356,378 speeches embedded
  [ 59.8%] 212,992/356,378 speeches embedded
  [ 59.8%] 213,248/356,378 speeches embedded
  [ 59.9%] 213,504/356,378 speeches embedded
  [ 60.0%] 213,760/356,378 speeches embedded
  [ 60.1%] 214,016/356,378 speeches embedded
  [ 60.1%] 214,272/356,378 speeches embedded
  [ 60.2%] 214,528/356,378 speeches embedded
  [ 60.3%] 214,784/356,378 speeches embedded
  [ 60.3%] 215,040/356,378 speeches embedded
  [ 60.4%] 215,296/356,378 speeches embedded
  [ 60.5%] 215,552/356,378 speeches embedded
  [ 60.6%] 215,808/356,378 speeches embedded
  [ 60.6%] 216,064/356,378 speeches embedded
  [ 60.7%] 216,320/356,378 speeches embedded
  [ 60.8%] 216,576/356,378 speeches embedded
  [ 60.8%] 216,832/356,378 speeches embedded
  [ 60.9%] 217,088/356,378 speeches embedded
  [ 61.0%] 217,344/356,378 speeches embedded
  [ 61.1%] 217,600/356,378 speeches embedded
  [ 61.1%] 217,856/356,378 speeches embedded
  [ 61.2%] 218,112/356,378 speeches embedded
  [ 61.3%] 218,368/356,378 speeches embedded
  [ 61.3%] 218,624/356,378 speeches embedded
  [ 61.4%] 218,880/356,378 speeches embedded
  [ 61.5%] 219,136/356,378 speeches embedded
  [ 61.6%] 219,392/356,378 speeches embedded
  [ 61.6%] 219,648/356,378 speeches embedded
  [ 61.7%] 219,904/356,378 speeches embedded
  [ 61.8%] 220,160/356,378 speeches embedded
  [ 61.8%] 220,416/356,378 speeches embedded
  [ 61.9%] 220,672/356,378 speeches embedded
  [ 62.0%] 220,928/356,378 speeches embedded
  [ 62.1%] 221,184/356,378 speeches embedded
  [ 62.1%] 221,440/356,378 speeches embedded
  [ 62.2%] 221,696/356,378 speeches embedded
  [ 62.3%] 221,952/356,378 speeches embedded
  [ 62.4%] 222,208/356,378 speeches embedded
  [ 62.4%] 222,464/356,378 speeches embedded
  [ 62.5%] 222,720/356,378 speeches embedded
  [ 62.6%] 222,976/356,378 speeches embedded
  [ 62.6%] 223,232/356,378 speeches embedded
  [ 62.7%] 223,488/356,378 speeches embedded
  [ 62.8%] 223,744/356,378 speeches embedded
  [ 62.9%] 224,000/356,378 speeches embedded
  [ 62.9%] 224,256/356,378 speeches embedded
  [ 63.0%] 224,512/356,378 speeches embedded
  [ 63.1%] 224,768/356,378 speeches embedded
  [ 63.1%] 225,024/356,378 speeches embedded
  [ 63.2%] 225,280/356,378 speeches embedded
  [ 63.3%] 225,536/356,378 speeches embedded
  [ 63.4%] 225,792/356,378 speeches embedded
  [ 63.4%] 226,048/356,378 speeches embedded
  [ 63.5%] 226,304/356,378 speeches embedded
  [ 63.6%] 226,560/356,378 speeches embedded
  [ 63.6%] 226,816/356,378 speeches embedded
  [ 63.7%] 227,072/356,378 speeches embedded
  [ 63.8%] 227,328/356,378 speeches embedded
  [ 63.9%] 227,584/356,378 speeches embedded
  [ 63.9%] 227,840/356,378 speeches embedded
  [ 64.0%] 228,096/356,378 speeches embedded
  [ 64.1%] 228,352/356,378 speeches embedded
  [ 64.1%] 228,608/356,378 speeches embedded
  [ 64.2%] 228,864/356,378 speeches embedded
  [ 64.3%] 229,120/356,378 speeches embedded
  [ 64.4%] 229,376/356,378 speeches embedded
  [ 64.4%] 229,632/356,378 speeches embedded
  [ 64.5%] 229,888/356,378 speeches embedded
  [ 64.6%] 230,144/356,378 speeches embedded
  [ 64.7%] 230,400/356,378 speeches embedded
  [ 64.7%] 230,656/356,378 speeches embedded
  [ 64.8%] 230,912/356,378 speeches embedded
  [ 64.9%] 231,168/356,378 speeches embedded
  [ 64.9%] 231,424/356,378 speeches embedded
  [ 65.0%] 231,680/356,378 speeches embedded
  [ 65.1%] 231,936/356,378 speeches embedded
  [ 65.2%] 232,192/356,378 speeches embedded
  [ 65.2%] 232,448/356,378 speeches embedded
  [ 65.3%] 232,704/356,378 speeches embedded
  [ 65.4%] 232,960/356,378 speeches embedded
  [ 65.4%] 233,216/356,378 speeches embedded
  [ 65.5%] 233,472/356,378 speeches embedded
  [ 65.6%] 233,728/356,378 speeches embedded
  [ 65.7%] 233,984/356,378 speeches embedded
  [ 65.7%] 234,240/356,378 speeches embedded
  [ 65.8%] 234,496/356,378 speeches embedded
  [ 65.9%] 234,752/356,378 speeches embedded
  [ 65.9%] 235,008/356,378 speeches embedded
  [ 66.0%] 235,264/356,378 speeches embedded
  [ 66.1%] 235,520/356,378 speeches embedded
  [ 66.2%] 235,776/356,378 speeches embedded
  [ 66.2%] 236,032/356,378 speeches embedded
  [ 66.3%] 236,288/356,378 speeches embedded
  [ 66.4%] 236,544/356,378 speeches embedded
  [ 66.4%] 236,800/356,378 speeches embedded
  [ 66.5%] 237,056/356,378 speeches embedded
  [ 66.6%] 237,312/356,378 speeches embedded
  [ 66.7%] 237,568/356,378 speeches embedded
  [ 66.7%] 237,824/356,378 speeches embedded
  [ 66.8%] 238,080/356,378 speeches embedded
  [ 66.9%] 238,336/356,378 speeches embedded
  [ 66.9%] 238,592/356,378 speeches embedded
  [ 67.0%] 238,848/356,378 speeches embedded
  [ 67.1%] 239,104/356,378 speeches embedded
  [ 67.2%] 239,360/356,378 speeches embedded
  [ 67.2%] 239,616/356,378 speeches embedded
  [ 67.3%] 239,872/356,378 speeches embedded
  [ 67.4%] 240,128/356,378 speeches embedded
  [ 67.5%] 240,384/356,378 speeches embedded
  [ 67.5%] 240,640/356,378 speeches embedded
  [ 67.6%] 240,896/356,378 speeches embedded
  [ 67.7%] 241,152/356,378 speeches embedded
  [ 67.7%] 241,408/356,378 speeches embedded
  [ 67.8%] 241,664/356,378 speeches embedded
  [ 67.9%] 241,920/356,378 speeches embedded
  [ 68.0%] 242,176/356,378 speeches embedded
  [ 68.0%] 242,432/356,378 speeches embedded
  [ 68.1%] 242,688/356,378 speeches embedded
  [ 68.2%] 242,944/356,378 speeches embedded
  [ 68.2%] 243,200/356,378 speeches embedded
  [ 68.3%] 243,456/356,378 speeches embedded
  [ 68.4%] 243,712/356,378 speeches embedded
  [ 68.5%] 243,968/356,378 speeches embedded
  [ 68.5%] 244,224/356,378 speeches embedded
  [ 68.6%] 244,480/356,378 speeches embedded
  [ 68.7%] 244,736/356,378 speeches embedded
  [ 68.7%] 244,992/356,378 speeches embedded
  [ 68.8%] 245,248/356,378 speeches embedded
  [ 68.9%] 245,504/356,378 speeches embedded
  [ 69.0%] 245,760/356,378 speeches embedded
  [ 69.0%] 246,016/356,378 speeches embedded
  [ 69.1%] 246,272/356,378 speeches embedded
  [ 69.2%] 246,528/356,378 speeches embedded
  [ 69.2%] 246,784/356,378 speeches embedded
  [ 69.3%] 247,040/356,378 speeches embedded
  [ 69.4%] 247,296/356,378 speeches embedded
  [ 69.5%] 247,552/356,378 speeches embedded
  [ 69.5%] 247,808/356,378 speeches embedded
  [ 69.6%] 248,064/356,378 speeches embedded
  [ 69.7%] 248,320/356,378 speeches embedded
  [ 69.8%] 248,576/356,378 speeches embedded
  [ 69.8%] 248,832/356,378 speeches embedded
  [ 69.9%] 249,088/356,378 speeches embedded
  [ 70.0%] 249,344/356,378 speeches embedded
  [ 70.0%] 249,600/356,378 speeches embedded
  [ 70.1%] 249,856/356,378 speeches embedded
  [ 70.2%] 250,112/356,378 speeches embedded
  [ 70.3%] 250,368/356,378 speeches embedded
  [ 70.3%] 250,624/356,378 speeches embedded
  [ 70.4%] 250,880/356,378 speeches embedded
  [ 70.5%] 251,136/356,378 speeches embedded
  [ 70.5%] 251,392/356,378 speeches embedded
  [ 70.6%] 251,648/356,378 speeches embedded
  [ 70.7%] 251,904/356,378 speeches embedded
  [ 70.8%] 252,160/356,378 speeches embedded
  [ 70.8%] 252,416/356,378 speeches embedded
  [ 70.9%] 252,672/356,378 speeches embedded
  [ 71.0%] 252,928/356,378 speeches embedded
  [ 71.0%] 253,184/356,378 speeches embedded
  [ 71.1%] 253,440/356,378 speeches embedded
  [ 71.2%] 253,696/356,378 speeches embedded
  [ 71.3%] 253,952/356,378 speeches embedded
  [ 71.3%] 254,208/356,378 speeches embedded
  [ 71.4%] 254,464/356,378 speeches embedded
  [ 71.5%] 254,720/356,378 speeches embedded
  [ 71.5%] 254,976/356,378 speeches embedded
  [ 71.6%] 255,232/356,378 speeches embedded
  [ 71.7%] 255,488/356,378 speeches embedded
  [ 71.8%] 255,744/356,378 speeches embedded
  [ 71.8%] 256,000/356,378 speeches embedded
  [ 71.9%] 256,256/356,378 speeches embedded
  [ 72.0%] 256,512/356,378 speeches embedded
  [ 72.0%] 256,768/356,378 speeches embedded
  [ 72.1%] 257,024/356,378 speeches embedded
  [ 72.2%] 257,280/356,378 speeches embedded
  [ 72.3%] 257,536/356,378 speeches embedded
  [ 72.3%] 257,792/356,378 speeches embedded
  [ 72.4%] 258,048/356,378 speeches embedded
  [ 72.5%] 258,304/356,378 speeches embedded
  [ 72.6%] 258,560/356,378 speeches embedded
  [ 72.6%] 258,816/356,378 speeches embedded
  [ 72.7%] 259,072/356,378 speeches embedded
  [ 72.8%] 259,328/356,378 speeches embedded
  [ 72.8%] 259,584/356,378 speeches embedded
  [ 72.9%] 259,840/356,378 speeches embedded
  [ 73.0%] 260,096/356,378 speeches embedded
  [ 73.1%] 260,352/356,378 speeches embedded
  [ 73.1%] 260,608/356,378 speeches embedded
  [ 73.2%] 260,864/356,378 speeches embedded
  [ 73.3%] 261,120/356,378 speeches embedded
  [ 73.3%] 261,376/356,378 speeches embedded
  [ 73.4%] 261,632/356,378 speeches embedded
  [ 73.5%] 261,888/356,378 speeches embedded
  [ 73.6%] 262,144/356,378 speeches embedded
  [ 73.6%] 262,400/356,378 speeches embedded
  [ 73.7%] 262,656/356,378 speeches embedded
  [ 73.8%] 262,912/356,378 speeches embedded
  [ 73.8%] 263,168/356,378 speeches embedded
  [ 73.9%] 263,424/356,378 speeches embedded
  [ 74.0%] 263,680/356,378 speeches embedded
  [ 74.1%] 263,936/356,378 speeches embedded
  [ 74.1%] 264,192/356,378 speeches embedded
  [ 74.2%] 264,448/356,378 speeches embedded
  [ 74.3%] 264,704/356,378 speeches embedded
  [ 74.3%] 264,960/356,378 speeches embedded
  [ 74.4%] 265,216/356,378 speeches embedded
  [ 74.5%] 265,472/356,378 speeches embedded
  [ 74.6%] 265,728/356,378 speeches embedded
  [ 74.6%] 265,984/356,378 speeches embedded
  [ 74.7%] 266,240/356,378 speeches embedded
  [ 74.8%] 266,496/356,378 speeches embedded
  [ 74.9%] 266,752/356,378 speeches embedded
  [ 74.9%] 267,008/356,378 speeches embedded
  [ 75.0%] 267,264/356,378 speeches embedded
  [ 75.1%] 267,520/356,378 speeches embedded
  [ 75.1%] 267,776/356,378 speeches embedded
  [ 75.2%] 268,032/356,378 speeches embedded
  [ 75.3%] 268,288/356,378 speeches embedded
  [ 75.4%] 268,544/356,378 speeches embedded
  [ 75.4%] 268,800/356,378 speeches embedded
  [ 75.5%] 269,056/356,378 speeches embedded
  [ 75.6%] 269,312/356,378 speeches embedded
  [ 75.6%] 269,568/356,378 speeches embedded
  [ 75.7%] 269,824/356,378 speeches embedded
  [ 75.8%] 270,080/356,378 speeches embedded
  [ 75.9%] 270,336/356,378 speeches embedded
  [ 75.9%] 270,592/356,378 speeches embedded
  [ 76.0%] 270,848/356,378 speeches embedded
  [ 76.1%] 271,104/356,378 speeches embedded
  [ 76.1%] 271,360/356,378 speeches embedded
  [ 76.2%] 271,616/356,378 speeches embedded
  [ 76.3%] 271,872/356,378 speeches embedded
  [ 76.4%] 272,128/356,378 speeches embedded
  [ 76.4%] 272,384/356,378 speeches embedded
  [ 76.5%] 272,640/356,378 speeches embedded
  [ 76.6%] 272,896/356,378 speeches embedded
  [ 76.6%] 273,152/356,378 speeches embedded
  [ 76.7%] 273,408/356,378 speeches embedded
  [ 76.8%] 273,664/356,378 speeches embedded
  [ 76.9%] 273,920/356,378 speeches embedded
  [ 76.9%] 274,176/356,378 speeches embedded
  [ 77.0%] 274,432/356,378 speeches embedded
  [ 77.1%] 274,688/356,378 speeches embedded
  [ 77.1%] 274,944/356,378 speeches embedded
  [ 77.2%] 275,200/356,378 speeches embedded
  [ 77.3%] 275,456/356,378 speeches embedded
  [ 77.4%] 275,712/356,378 speeches embedded
  [ 77.4%] 275,968/356,378 speeches embedded
  [ 77.5%] 276,224/356,378 speeches embedded
  [ 77.6%] 276,480/356,378 speeches embedded
  [ 77.7%] 276,736/356,378 speeches embedded
  [ 77.7%] 276,992/356,378 speeches embedded
  [ 77.8%] 277,248/356,378 speeches embedded
  [ 77.9%] 277,504/356,378 speeches embedded
  [ 77.9%] 277,760/356,378 speeches embedded
  [ 78.0%] 278,016/356,378 speeches embedded
  [ 78.1%] 278,272/356,378 speeches embedded
  [ 78.2%] 278,528/356,378 speeches embedded
  [ 78.2%] 278,784/356,378 speeches embedded
  [ 78.3%] 279,040/356,378 speeches embedded
  [ 78.4%] 279,296/356,378 speeches embedded
  [ 78.4%] 279,552/356,378 speeches embedded
  [ 78.5%] 279,808/356,378 speeches embedded
  [ 78.6%] 280,064/356,378 speeches embedded
  [ 78.7%] 280,320/356,378 speeches embedded
  [ 78.7%] 280,576/356,378 speeches embedded
  [ 78.8%] 280,832/356,378 speeches embedded
  [ 78.9%] 281,088/356,378 speeches embedded
  [ 78.9%] 281,344/356,378 speeches embedded
  [ 79.0%] 281,600/356,378 speeches embedded
  [ 79.1%] 281,856/356,378 speeches embedded
  [ 79.2%] 282,112/356,378 speeches embedded
  [ 79.2%] 282,368/356,378 speeches embedded
  [ 79.3%] 282,624/356,378 speeches embedded
  [ 79.4%] 282,880/356,378 speeches embedded
  [ 79.4%] 283,136/356,378 speeches embedded
  [ 79.5%] 283,392/356,378 speeches embedded
  [ 79.6%] 283,648/356,378 speeches embedded
  [ 79.7%] 283,904/356,378 speeches embedded
  [ 79.7%] 284,160/356,378 speeches embedded
  [ 79.8%] 284,416/356,378 speeches embedded
  [ 79.9%] 284,672/356,378 speeches embedded
  [ 80.0%] 284,928/356,378 speeches embedded
  [ 80.0%] 285,184/356,378 speeches embedded
  [ 80.1%] 285,440/356,378 speeches embedded
  [ 80.2%] 285,696/356,378 speeches embedded
  [ 80.2%] 285,952/356,378 speeches embedded
  [ 80.3%] 286,208/356,378 speeches embedded
  [ 80.4%] 286,464/356,378 speeches embedded
  [ 80.5%] 286,720/356,378 speeches embedded
  [ 80.5%] 286,976/356,378 speeches embedded
  [ 80.6%] 287,232/356,378 speeches embedded
  [ 80.7%] 287,488/356,378 speeches embedded
  [ 80.7%] 287,744/356,378 speeches embedded
  [ 80.8%] 288,000/356,378 speeches embedded
  [ 80.9%] 288,256/356,378 speeches embedded
  [ 81.0%] 288,512/356,378 speeches embedded
  [ 81.0%] 288,768/356,378 speeches embedded
  [ 81.1%] 289,024/356,378 speeches embedded
  [ 81.2%] 289,280/356,378 speeches embedded
  [ 81.2%] 289,536/356,378 speeches embedded
  [ 81.3%] 289,792/356,378 speeches embedded
  [ 81.4%] 290,048/356,378 speeches embedded
  [ 81.5%] 290,304/356,378 speeches embedded
  [ 81.5%] 290,560/356,378 speeches embedded
  [ 81.6%] 290,816/356,378 speeches embedded
  [ 81.7%] 291,072/356,378 speeches embedded
  [ 81.7%] 291,328/356,378 speeches embedded
  [ 81.8%] 291,584/356,378 speeches embedded
  [ 81.9%] 291,840/356,378 speeches embedded
  [ 82.0%] 292,096/356,378 speeches embedded
  [ 82.0%] 292,352/356,378 speeches embedded
  [ 82.1%] 292,608/356,378 speeches embedded
  [ 82.2%] 292,864/356,378 speeches embedded
  [ 82.2%] 293,120/356,378 speeches embedded
  [ 82.3%] 293,376/356,378 speeches embedded
  [ 82.4%] 293,632/356,378 speeches embedded
  [ 82.5%] 293,888/356,378 speeches embedded
  [ 82.5%] 294,144/356,378 speeches embedded
  [ 82.6%] 294,400/356,378 speeches embedded
  [ 82.7%] 294,656/356,378 speeches embedded
  [ 82.8%] 294,912/356,378 speeches embedded
  [ 82.8%] 295,168/356,378 speeches embedded
  [ 82.9%] 295,424/356,378 speeches embedded
  [ 83.0%] 295,680/356,378 speeches embedded
  [ 83.0%] 295,936/356,378 speeches embedded
  [ 83.1%] 296,192/356,378 speeches embedded
  [ 83.2%] 296,448/356,378 speeches embedded
  [ 83.3%] 296,704/356,378 speeches embedded
  [ 83.3%] 296,960/356,378 speeches embedded
  [ 83.4%] 297,216/356,378 speeches embedded
  [ 83.5%] 297,472/356,378 speeches embedded
  [ 83.5%] 297,728/356,378 speeches embedded
  [ 83.6%] 297,984/356,378 speeches embedded
  [ 83.7%] 298,240/356,378 speeches embedded
  [ 83.8%] 298,496/356,378 speeches embedded
  [ 83.8%] 298,752/356,378 speeches embedded
  [ 83.9%] 299,008/356,378 speeches embedded
  [ 84.0%] 299,264/356,378 speeches embedded
  [ 84.0%] 299,520/356,378 speeches embedded
  [ 84.1%] 299,776/356,378 speeches embedded
  [ 84.2%] 300,032/356,378 speeches embedded
  [ 84.3%] 300,288/356,378 speeches embedded
  [ 84.3%] 300,544/356,378 speeches embedded
  [ 84.4%] 300,800/356,378 speeches embedded
  [ 84.5%] 301,056/356,378 speeches embedded
  [ 84.5%] 301,312/356,378 speeches embedded
  [ 84.6%] 301,568/356,378 speeches embedded
  [ 84.7%] 301,824/356,378 speeches embedded
  [ 84.8%] 302,080/356,378 speeches embedded
  [ 84.8%] 302,336/356,378 speeches embedded
  [ 84.9%] 302,592/356,378 speeches embedded
  [ 85.0%] 302,848/356,378 speeches embedded
  [ 85.1%] 303,104/356,378 speeches embedded
  [ 85.1%] 303,360/356,378 speeches embedded
  [ 85.2%] 303,616/356,378 speeches embedded
  [ 85.3%] 303,872/356,378 speeches embedded
  [ 85.3%] 304,128/356,378 speeches embedded
  [ 85.4%] 304,384/356,378 speeches embedded
  [ 85.5%] 304,640/356,378 speeches embedded
  [ 85.6%] 304,896/356,378 speeches embedded
  [ 85.6%] 305,152/356,378 speeches embedded
  [ 85.7%] 305,408/356,378 speeches embedded
  [ 85.8%] 305,664/356,378 speeches embedded
  [ 85.8%] 305,920/356,378 speeches embedded
  [ 85.9%] 306,176/356,378 speeches embedded
  [ 86.0%] 306,432/356,378 speeches embedded
  [ 86.1%] 306,688/356,378 speeches embedded
  [ 86.1%] 306,944/356,378 speeches embedded
  [ 86.2%] 307,200/356,378 speeches embedded
  [ 86.3%] 307,456/356,378 speeches embedded
  [ 86.3%] 307,712/356,378 speeches embedded
  [ 86.4%] 307,968/356,378 speeches embedded
  [ 86.5%] 308,224/356,378 speeches embedded
  [ 86.6%] 308,480/356,378 speeches embedded
  [ 86.6%] 308,736/356,378 speeches embedded
  [ 86.7%] 308,992/356,378 speeches embedded
  [ 86.8%] 309,248/356,378 speeches embedded
  [ 86.8%] 309,504/356,378 speeches embedded
  [ 86.9%] 309,760/356,378 speeches embedded
  [ 87.0%] 310,016/356,378 speeches embedded
  [ 87.1%] 310,272/356,378 speeches embedded
  [ 87.1%] 310,528/356,378 speeches embedded
  [ 87.2%] 310,784/356,378 speeches embedded
  [ 87.3%] 311,040/356,378 speeches embedded
  [ 87.3%] 311,296/356,378 speeches embedded
  [ 87.4%] 311,552/356,378 speeches embedded
  [ 87.5%] 311,808/356,378 speeches embedded
  [ 87.6%] 312,064/356,378 speeches embedded
  [ 87.6%] 312,320/356,378 speeches embedded
  [ 87.7%] 312,576/356,378 speeches embedded
  [ 87.8%] 312,832/356,378 speeches embedded
  [ 87.9%] 313,088/356,378 speeches embedded
  [ 87.9%] 313,344/356,378 speeches embedded
  [ 88.0%] 313,600/356,378 speeches embedded
  [ 88.1%] 313,856/356,378 speeches embedded
  [ 88.1%] 314,112/356,378 speeches embedded
  [ 88.2%] 314,368/356,378 speeches embedded
  [ 88.3%] 314,624/356,378 speeches embedded
  [ 88.4%] 314,880/356,378 speeches embedded
  [ 88.4%] 315,136/356,378 speeches embedded
  [ 88.5%] 315,392/356,378 speeches embedded
  [ 88.6%] 315,648/356,378 speeches embedded
  [ 88.6%] 315,904/356,378 speeches embedded
  [ 88.7%] 316,160/356,378 speeches embedded
  [ 88.8%] 316,416/356,378 speeches embedded
  [ 88.9%] 316,672/356,378 speeches embedded
  [ 88.9%] 316,928/356,378 speeches embedded
  [ 89.0%] 317,184/356,378 speeches embedded
  [ 89.1%] 317,440/356,378 speeches embedded
  [ 89.1%] 317,696/356,378 speeches embedded
  [ 89.2%] 317,952/356,378 speeches embedded
  [ 89.3%] 318,208/356,378 speeches embedded
  [ 89.4%] 318,464/356,378 speeches embedded
  [ 89.4%] 318,720/356,378 speeches embedded
  [ 89.5%] 318,976/356,378 speeches embedded
  [ 89.6%] 319,232/356,378 speeches embedded
  [ 89.6%] 319,488/356,378 speeches embedded
  [ 89.7%] 319,744/356,378 speeches embedded
  [ 89.8%] 320,000/356,378 speeches embedded
  [ 89.9%] 320,256/356,378 speeches embedded
  [ 89.9%] 320,512/356,378 speeches embedded
  [ 90.0%] 320,768/356,378 speeches embedded
  [ 90.1%] 321,024/356,378 speeches embedded
  [ 90.2%] 321,280/356,378 speeches embedded
  [ 90.2%] 321,536/356,378 speeches embedded
  [ 90.3%] 321,792/356,378 speeches embedded
  [ 90.4%] 322,048/356,378 speeches embedded
  [ 90.4%] 322,304/356,378 speeches embedded
  [ 90.5%] 322,560/356,378 speeches embedded
  [ 90.6%] 322,816/356,378 speeches embedded
  [ 90.7%] 323,072/356,378 speeches embedded
  [ 90.7%] 323,328/356,378 speeches embedded
  [ 90.8%] 323,584/356,378 speeches embedded
  [ 90.9%] 323,840/356,378 speeches embedded
  [ 90.9%] 324,096/356,378 speeches embedded
  [ 91.0%] 324,352/356,378 speeches embedded
  [ 91.1%] 324,608/356,378 speeches embedded
  [ 91.2%] 324,864/356,378 speeches embedded
  [ 91.2%] 325,120/356,378 speeches embedded
  [ 91.3%] 325,376/356,378 speeches embedded
  [ 91.4%] 325,632/356,378 speeches embedded
  [ 91.4%] 325,888/356,378 speeches embedded
  [ 91.5%] 326,144/356,378 speeches embedded
  [ 91.6%] 326,400/356,378 speeches embedded
  [ 91.7%] 326,656/356,378 speeches embedded
  [ 91.7%] 326,912/356,378 speeches embedded
  [ 91.8%] 327,168/356,378 speeches embedded
  [ 91.9%] 327,424/356,378 speeches embedded
  [ 91.9%] 327,680/356,378 speeches embedded
  [ 92.0%] 327,936/356,378 speeches embedded
  [ 92.1%] 328,192/356,378 speeches embedded
  [ 92.2%] 328,448/356,378 speeches embedded
  [ 92.2%] 328,704/356,378 speeches embedded
  [ 92.3%] 328,960/356,378 speeches embedded
  [ 92.4%] 329,216/356,378 speeches embedded
  [ 92.5%] 329,472/356,378 speeches embedded
  [ 92.5%] 329,728/356,378 speeches embedded
  [ 92.6%] 329,984/356,378 speeches embedded
  [ 92.7%] 330,240/356,378 speeches embedded
  [ 92.7%] 330,496/356,378 speeches embedded
  [ 92.8%] 330,752/356,378 speeches embedded
  [ 92.9%] 331,008/356,378 speeches embedded
  [ 93.0%] 331,264/356,378 speeches embedded
  [ 93.0%] 331,520/356,378 speeches embedded
  [ 93.1%] 331,776/356,378 speeches embedded
  [ 93.2%] 332,032/356,378 speeches embedded
  [ 93.2%] 332,288/356,378 speeches embedded
  [ 93.3%] 332,544/356,378 speeches embedded
  [ 93.4%] 332,800/356,378 speeches embedded
  [ 93.5%] 333,056/356,378 speeches embedded
  [ 93.5%] 333,312/356,378 speeches embedded
  [ 93.6%] 333,568/356,378 speeches embedded
  [ 93.7%] 333,824/356,378 speeches embedded
  [ 93.7%] 334,080/356,378 speeches embedded
  [ 93.8%] 334,336/356,378 speeches embedded
  [ 93.9%] 334,592/356,378 speeches embedded
  [ 94.0%] 334,848/356,378 speeches embedded
  [ 94.0%] 335,104/356,378 speeches embedded
  [ 94.1%] 335,360/356,378 speeches embedded
  [ 94.2%] 335,616/356,378 speeches embedded
  [ 94.2%] 335,872/356,378 speeches embedded
  [ 94.3%] 336,128/356,378 speeches embedded
  [ 94.4%] 336,384/356,378 speeches embedded
  [ 94.5%] 336,640/356,378 speeches embedded
  [ 94.5%] 336,896/356,378 speeches embedded
  [ 94.6%] 337,152/356,378 speeches embedded
  [ 94.7%] 337,408/356,378 speeches embedded
  [ 94.7%] 337,664/356,378 speeches embedded
  [ 94.8%] 337,920/356,378 speeches embedded
  [ 94.9%] 338,176/356,378 speeches embedded
  [ 95.0%] 338,432/356,378 speeches embedded
  [ 95.0%] 338,688/356,378 speeches embedded
  [ 95.1%] 338,944/356,378 speeches embedded
  [ 95.2%] 339,200/356,378 speeches embedded
  [ 95.3%] 339,456/356,378 speeches embedded
  [ 95.3%] 339,712/356,378 speeches embedded
  [ 95.4%] 339,968/356,378 speeches embedded
  [ 95.5%] 340,224/356,378 speeches embedded
  [ 95.5%] 340,480/356,378 speeches embedded
  [ 95.6%] 340,736/356,378 speeches embedded
  [ 95.7%] 340,992/356,378 speeches embedded
  [ 95.8%] 341,248/356,378 speeches embedded
  [ 95.8%] 341,504/356,378 speeches embedded
  [ 95.9%] 341,760/356,378 speeches embedded
  [ 96.0%] 342,016/356,378 speeches embedded
  [ 96.0%] 342,272/356,378 speeches embedded
  [ 96.1%] 342,528/356,378 speeches embedded
  [ 96.2%] 342,784/356,378 speeches embedded
  [ 96.3%] 343,040/356,378 speeches embedded
  [ 96.3%] 343,296/356,378 speeches embedded
  [ 96.4%] 343,552/356,378 speeches embedded
  [ 96.5%] 343,808/356,378 speeches embedded
  [ 96.5%] 344,064/356,378 speeches embedded
  [ 96.6%] 344,320/356,378 speeches embedded
  [ 96.7%] 344,576/356,378 speeches embedded
  [ 96.8%] 344,832/356,378 speeches embedded
  [ 96.8%] 345,088/356,378 speeches embedded
  [ 96.9%] 345,344/356,378 speeches embedded
  [ 97.0%] 345,600/356,378 speeches embedded
  [ 97.0%] 345,856/356,378 speeches embedded
  [ 97.1%] 346,112/356,378 speeches embedded
  [ 97.2%] 346,368/356,378 speeches embedded
  [ 97.3%] 346,624/356,378 speeches embedded
  [ 97.3%] 346,880/356,378 speeches embedded
  [ 97.4%] 347,136/356,378 speeches embedded
  [ 97.5%] 347,392/356,378 speeches embedded
  [ 97.6%] 347,648/356,378 speeches embedded
  [ 97.6%] 347,904/356,378 speeches embedded
  [ 97.7%] 348,160/356,378 speeches embedded
  [ 97.8%] 348,416/356,378 speeches embedded
  [ 97.8%] 348,672/356,378 speeches embedded
  [ 97.9%] 348,928/356,378 speeches embedded
  [ 98.0%] 349,184/356,378 speeches embedded
  [ 98.1%] 349,440/356,378 speeches embedded
  [ 98.1%] 349,696/356,378 speeches embedded
  [ 98.2%] 349,952/356,378 speeches embedded
  [ 98.3%] 350,208/356,378 speeches embedded
  [ 98.3%] 350,464/356,378 speeches embedded
  [ 98.4%] 350,720/356,378 speeches embedded
  [ 98.5%] 350,976/356,378 speeches embedded
  [ 98.6%] 351,232/356,378 speeches embedded
  [ 98.6%] 351,488/356,378 speeches embedded
  [ 98.7%] 351,744/356,378 speeches embedded
  [ 98.8%] 352,000/356,378 speeches embedded
  [ 98.8%] 352,256/356,378 speeches embedded
  [ 98.9%] 352,512/356,378 speeches embedded
  [ 99.0%] 352,768/356,378 speeches embedded
  [ 99.1%] 353,024/356,378 speeches embedded
  [ 99.1%] 353,280/356,378 speeches embedded
  [ 99.2%] 353,536/356,378 speeches embedded
  [ 99.3%] 353,792/356,378 speeches embedded
  [ 99.3%] 354,048/356,378 speeches embedded
  [ 99.4%] 354,304/356,378 speeches embedded
  [ 99.5%] 354,560/356,378 speeches embedded
  [ 99.6%] 354,816/356,378 speeches embedded
  [ 99.6%] 355,072/356,378 speeches embedded
  [ 99.7%] 355,328/356,378 speeches embedded
  [ 99.8%] 355,584/356,378 speeches embedded
  [ 99.8%] 355,840/356,378 speeches embedded
  [ 99.9%] 356,096/356,378 speeches embedded
  [100.0%] 356,352/356,378 speeches embedded
  [100.0%] 356,378/356,378 speeches embedded
Saved 831,378 embeddings to /home/jake/.cache/autoresearch/hansard/embeddings
